[16:33:52] [main/INFO]: Loading Minecraft 1.21.1 with Fabric Loader 0.18.2
[16:33:52] [main/INFO]: Fabric is preparing JARs on first launch, this may take a few seconds...
[16:33:52] [main/INFO]: Loading 4 mods:
	- fabricloader 0.18.2
	   \-- mixinextras 0.5.0
	- java 21
	- minecraft 1.21.1
[16:33:52] [main/INFO]: SpongePowered MIXIN Subsystem Version=0.8.7 Source=file:/workspaces/servidor/servidor_minecraft/libraries/net/fabricmc/sponge-mixin/0.16.5+mixin.0.8.7/sponge-mixin-0.16.5+mixin.0.8.7.jar Service=Knot/Fabric Env=SERVER
[16:33:57] [main/INFO]: Environment: Environment[sessionHost=https://sessionserver.mojang.com, servicesHost=https://api.minecraftservices.com, name=PROD]
[16:33:58] [main/INFO]: No existing world data, creating new world
[16:33:58] [main/INFO]: Loaded 1290 recipes
[16:33:58] [main/INFO]: Loaded 1399 advancements
[16:33:59] [Server thread/INFO]: Starting minecraft server version 1.21.1
[16:33:59] [Server thread/INFO]: Loading properties
[16:33:59] [Server thread/INFO]: Default game type: SURVIVAL
[16:33:59] [Server thread/INFO]: Generating keypair
[16:33:59] [Server thread/INFO]: Starting Minecraft server on *:25565
[16:33:59] [Server thread/INFO]: Using epoll channel type
[16:33:59] [Server thread/WARN]: **** SERVER IS RUNNING IN OFFLINE/INSECURE MODE!
[16:33:59] [Server thread/WARN]: The server will make no attempt to authenticate usernames. Beware.
[16:33:59] [Server thread/WARN]: While this makes the game possible to play without internet access, it also opens up the ability for hackers to connect with any username they choose.
[16:33:59] [Server thread/WARN]: To change this, set "online-mode" to "true" in the server.properties file.
[16:33:59] [Server thread/INFO]: Preparing level "world"
[16:34:05] [Server thread/INFO]: Preparing start region for dimension minecraft:overworld
[16:34:05] [Worker-Main-3/INFO]: Preparing spawn area: 2%
[16:34:05] [Worker-Main-2/INFO]: Preparing spawn area: 2%
[16:34:06] [Worker-Main-2/INFO]: Preparing spawn area: 2%
[16:34:06] [Worker-Main-3/INFO]: Preparing spawn area: 2%
[16:34:07] [Worker-Main-1/INFO]: Preparing spawn area: 18%
[16:34:07] [Worker-Main-3/INFO]: Preparing spawn area: 18%
[16:34:08] [Worker-Main-1/INFO]: Preparing spawn area: 18%
[16:34:08] [Worker-Main-3/INFO]: Preparing spawn area: 51%
[16:34:09] [Worker-Main-1/INFO]: Preparing spawn area: 51%
[16:34:09] [Worker-Main-2/INFO]: Preparing spawn area: 51%
[16:34:10] [Server thread/INFO]: Time elapsed: 4849 ms
[16:34:10] [Server thread/INFO]: Done (10.797s)! For help, type "help"
[16:42:43] [Server thread/INFO]: Waza_Jr[/127.128.214.234:60257] logged in with entity id 4 at (-148.5, 69.0, -37.5)
[16:42:43] [Server thread/INFO]: Waza_Jr joined the game
[16:43:25] [Server thread/INFO]: Waza_Jr lost connection: Disconnected
[16:43:25] [Server thread/INFO]: Waza_Jr left the game
